<?xml version="1.0" encoding="UTF-8"?>
<testng-results ignored="0" total="1" passed="1" failed="0" skipped="0">
  <reporter-output>
  </reporter-output>
  <suite started-at="2023-04-20T15:59:48 IST" name="Suite" finished-at="2023-04-20T15:59:49 IST" duration-ms="51">
    <groups>
      <group name="smoketest">
        <method signature="SmokeEx.m1()[pri:0, instance:practicemaven.SmokeEx@a2431d0]" name="m1" class="practicemaven.SmokeEx"/>
      </group> <!-- smoketest -->
    </groups>
    <test started-at="2023-04-20T15:59:48 IST" name="Test" finished-at="2023-04-20T15:59:49 IST" duration-ms="51">
      <class name="practicemaven.SmokeEx">
        <test-method signature="m1()[pri:0, instance:practicemaven.SmokeEx@a2431d0]" started-at="2023-04-20T15:59:49 IST" name="m1" finished-at="2023-04-20T15:59:49 IST" duration-ms="9" status="PASS">
          <reporter-output>
          </reporter-output>
        </test-method> <!-- m1 -->
      </class> <!-- practicemaven.SmokeEx -->
    </test> <!-- Test -->
  </suite> <!-- Suite -->
</testng-results>
